Log file open, 08/14/19 18:02:11
LogWindows: Failed to load 'aqProf.dll' (GetLastError=126)
LogWindows: File 'aqProf.dll' does not exist
LogWindows: Failed to load 'VtuneApi.dll' (GetLastError=126)
LogWindows: File 'VtuneApi.dll' does not exist
LogWindows: Failed to load 'VtuneApi32e.dll' (GetLastError=126)
LogWindows: File 'VtuneApi32e.dll' does not exist
LogConsoleResponse: Display: Failed to find resolution value strings in scalability ini. Falling back to default.
LogInit: Display: Running engine for game: BarBrawlProject
LogPakFile: Registered encryption key '00000000000000000000000000000000': 0 pak files mounted, 0 remain pending
LogPlatformFile: Not using cached read wrapper
LogTaskGraph: Started task graph with 5 named threads and 35 total threads with 3 sets of task threads.
LogStats: Stats thread started at 0.393657
LogD3D11RHI: Loaded GFSDK_Aftermath_Lib.x64.dll
LogICUInternationalization: ICU TimeZone Detection - Raw Offset: -5:00, Platform Override: ''
LogPluginManager: Mounting plugin Paper2D
LogPluginManager: Mounting plugin AISupport
LogPluginManager: Mounting plugin LightPropagationVolume
LogPluginManager: Mounting plugin ActorLayerUtilities
LogPluginManager: Mounting plugin AnimationSharing
LogPluginManager: Mounting plugin CLionSourceCodeAccess
LogPluginManager: Mounting plugin CodeLiteSourceCodeAccess
LogPluginManager: Mounting plugin GitSourceControl
LogPluginManager: Mounting plugin KDevelopSourceCodeAccess
LogPluginManager: Mounting plugin NullSourceCodeAccess
LogPluginManager: Mounting plugin PerforceSourceControl
LogPluginManager: Mounting plugin SubversionSourceControl
LogPluginManager: Mounting plugin UObjectPlugin
LogPluginManager: Mounting plugin VisualStudioCodeSourceCodeAccess
LogPluginManager: Mounting plugin VisualStudioSourceCodeAccess
LogPluginManager: Mounting plugin XCodeSourceCodeAccess
LogPluginManager: Mounting plugin AssetManagerEditor
LogPluginManager: Mounting plugin CryptoKeys
LogPluginManager: Mounting plugin DataValidation
LogPluginManager: Mounting plugin FacialAnimation
LogPluginManager: Mounting plugin GameplayTagsEditor
LogPluginManager: Mounting plugin MacGraphicsSwitching
LogPluginManager: Mounting plugin MaterialAnalyzer
LogPluginManager: Mounting plugin MobileLauncherProfileWizard
LogPluginManager: Mounting plugin PluginBrowser
LogPluginManager: Mounting plugin SpeedTreeImporter
LogPluginManager: Mounting plugin DatasmithContent
LogPluginManager: Mounting plugin VariantManagerContent
LogPluginManager: Mounting plugin AlembicImporter
LogPluginManager: Mounting plugin AppleImageUtils
LogPluginManager: Mounting plugin AppleVision
LogPluginManager: Mounting plugin BackChannel
LogPluginManager: Mounting plugin CharacterAI
LogPluginManager: Mounting plugin GeometryCache
LogPluginManager: Mounting plugin HTML5Networking
LogPluginManager: Mounting plugin ProxyLODPlugin
LogPluginManager: Mounting plugin SkeletalReduction
LogPluginManager: Mounting plugin MagicLeap
LogPluginManager: Mounting plugin MagicLeapMedia
LogPluginManager: Mounting plugin AndroidMedia
LogPluginManager: Mounting plugin AvfMedia
LogPluginManager: Mounting plugin ImgMedia
LogPluginManager: Mounting plugin LinearTimecode
LogPluginManager: Mounting plugin MediaCompositing
LogPluginManager: Mounting plugin MediaPlayerEditor
LogPluginManager: Mounting plugin WebMMedia
LogPluginManager: Mounting plugin WmfMedia
LogPluginManager: Mounting plugin TcpMessaging
LogPluginManager: Mounting plugin UdpMessaging
LogPluginManager: Mounting plugin ActorSequence
LogPluginManager: Mounting plugin LevelSequenceEditor
LogPluginManager: Mounting plugin MatineeToLevelSequence
LogPluginManager: Mounting plugin NetcodeUnitTest
LogPluginManager: Mounting plugin NUTUnrealEngine4
LogPluginManager: Mounting plugin OnlineSubsystemGooglePlay
LogPluginManager: Mounting plugin OnlineSubsystemIOS
LogPluginManager: Mounting plugin OnlineSubsystem
LogPluginManager: Mounting plugin OnlineSubsystemNull
LogPluginManager: Mounting plugin OnlineSubsystemUtils
LogPluginManager: Mounting plugin LauncherChunkInstaller
LogPluginManager: Mounting plugin AndroidDeviceProfileSelector
LogPluginManager: Mounting plugin AndroidMoviePlayer
LogPluginManager: Mounting plugin AndroidPermission
LogPluginManager: Mounting plugin ApexDestruction
LogPluginManager: Mounting plugin AppleMoviePlayer
LogPluginManager: Mounting plugin ArchVisCharacter
LogPluginManager: Mounting plugin AudioCapture
LogPluginManager: Mounting plugin CableComponent
LogPluginManager: Mounting plugin CustomMeshComponent
LogPluginManager: Mounting plugin EditableMesh
LogPluginManager: Mounting plugin ExampleDeviceProfileSelector
LogPluginManager: Mounting plugin Firebase
LogPluginManager: Mounting plugin GoogleCloudMessaging
LogPluginManager: Mounting plugin IOSDeviceProfileSelector
LogPluginManager: Mounting plugin LinuxDeviceProfileSelector
LogPluginManager: Mounting plugin LocationServicesBPLibrary
LogPluginManager: Mounting plugin MobilePatchingUtils
LogPluginManager: Mounting plugin OculusVR
LogPluginManager: Mounting plugin PhysXVehicles
LogPluginManager: Mounting plugin ProceduralMeshComponent
LogPluginManager: Mounting plugin RuntimePhysXCooking
LogPluginManager: Mounting plugin SignificanceManager
LogPluginManager: Mounting plugin SteamVR
LogPluginManager: Mounting plugin WebMMoviePlayer
LogPluginManager: Mounting plugin WindowsMoviePlayer
LogInit: Using libcurl 7.55.1-DEV
LogInit:  - built for x86_64-pc-win32
LogInit:  - supports SSL with OpenSSL/1.1.1
LogInit:  - supports HTTP deflate (compression) using libz 1.2.8
LogInit:  - other features:
LogInit:      CURL_VERSION_SSL
LogInit:      CURL_VERSION_LIBZ
LogInit:      CURL_VERSION_IPV6
LogInit:      CURL_VERSION_ASYNCHDNS
LogInit:      CURL_VERSION_LARGEFILE
LogInit:      CURL_VERSION_IDN
LogInit:  CurlRequestOptions (configurable via config and command line):
LogInit:  - bVerifyPeer = true  - Libcurl will verify peer certificate
LogInit:  - bUseHttpProxy = false  - Libcurl will NOT use HTTP proxy
LogInit:  - bDontReuseConnections = false  - Libcurl will reuse connections
LogInit:  - MaxHostConnections = 16  - Libcurl will limit the number of connections to a host
LogInit:  - LocalHostAddr = Default
LogInit:  - BufferSize = 65536
LogInit: WinSock: version 1.1 (2.2), MaxSocks=32767, MaxUdp=65467
LogInit: Build: ++UE4+Release-4.22-CL-7053642
LogInit: Engine Version: 4.22.3-7053642+++UE4+Release-4.22
LogInit: Compatible Engine Version: 4.22.0-5660361+++UE4+Release-4.22
LogInit: Net CL: 5660361
LogInit: OS: Windows 10 (Release 1809) (), CPU: Intel(R) Core(TM) i7-8750H CPU @ 2.20GHz, GPU: NVIDIA GeForce GTX 1070
LogInit: Compiled (64-bit): Jun 18 2019 03:09:11
LogInit: Compiled with Visual C++: 19.16.27025.01
LogInit: Build Configuration: Development
LogInit: Branch Name: ++UE4+Release-4.22
LogInit: Command Line:  /Game/TopDownBP/Maps/TopDownExampleMap -game -PIEVIACONSOLE -ResX=1280 -ResY=720 -Multiprocess -messaging -SessionName="Play in Standalone Game" -windowed
LogInit: Base Directory: D:/Epic Games/UE_4.22/Engine/Binaries/Win64/
LogInit: Installed Engine Build: 1
LogDevObjectVersion: Number of dev versions registered: 23
LogDevObjectVersion:   Dev-Blueprints (B0D832E4-1F89-4F0D-ACCF-7EB736FD4AA2): 10
LogDevObjectVersion:   Dev-Build (E1C64328-A22C-4D53-A36C-8E866417BD8C): 0
LogDevObjectVersion:   Dev-Core (375EC13C-06E4-48FB-B500-84F0262A717E): 3
LogDevObjectVersion:   Dev-Editor (E4B068ED-F494-42E9-A231-DA0B2E46BB41): 30
LogDevObjectVersion:   Dev-Framework (CFFC743F-43B0-4480-9391-14DF171D2073): 35
LogDevObjectVersion:   Dev-Mobile (B02B49B5-BB20-44E9-A304-32B752E40360): 2
LogDevObjectVersion:   Dev-Networking (A4E4105C-59A1-49B5-A7C5-40C4547EDFEE): 0
LogDevObjectVersion:   Dev-Online (39C831C9-5AE6-47DC-9A44-9C173E1C8E7C): 0
LogDevObjectVersion:   Dev-Physics (78F01B33-EBEA-4F98-B9B4-84EACCB95AA2): 0
LogDevObjectVersion:   Dev-Platform (6631380F-2D4D-43E0-8009-CF276956A95A): 0
LogDevObjectVersion:   Dev-Rendering (12F88B9F-8875-4AFC-A67C-D90C383ABD29): 28
LogDevObjectVersion:   Dev-Sequencer (7B5AE74C-D270-4C10-A958-57980B212A5A): 11
LogDevObjectVersion:   Dev-VR (D7296918-1DD6-4BDD-9DE2-64A83CC13884): 2
LogDevObjectVersion:   Dev-LoadTimes (C2A15278-BFE7-4AFE-6C17-90FF531DF755): 1
LogDevObjectVersion:   Private-Geometry (6EACA3D4-40EC-4CC1-B786-8BED09428FC5): 3
LogDevObjectVersion:   Dev-AnimPhys (29E575DD-E0A3-4627-9D10-D276232CDCEA): 17
LogDevObjectVersion:   Dev-Anim (AF43A65D-7FD3-4947-9873-3E8ED9C1BB05): 2
LogDevObjectVersion:   Dev-ReflectionCapture (6B266CEC-1EC7-4B8F-A30B-E4D90942FC07): 1
LogDevObjectVersion:   Dev-Automation (0DF73D61-A23F-47EA-B727-89E90C41499A): 1
LogDevObjectVersion:   FortniteMain (601D1886-AC64-4F84-AA16-D3DE0DEAC7D6): 25
LogDevObjectVersion:   Dev-Enterprise (9DFFBCD6-494F-0158-E221-12823C92A888): 6
LogDevObjectVersion:   Dev-Niagara (F2AED0AC-9AFE-416F-8664-AA7FFA26D6FC): 1
LogDevObjectVersion:   Dev-Destruction (174F1F0B-B4C6-45A5-B13F-2EE8D0FB917D): 2
LogInit: Presizing for max 16777216 objects, including 0 objects not considered by GC, pre-allocating 0 bytes for permanent pool.
LogInit: Object subsystem initialized
LogConfig: Setting CVar [[con.DebugEarlyDefault:1]]
LogConfig: Setting CVar [[r.setres:1280x720]]
[2019.08.14-22.02.12:075][  0]LogConfig: Setting CVar [[con.DebugEarlyDefault:1]]
[2019.08.14-22.02.12:075][  0]LogConfig: Setting CVar [[r.setres:1280x720]]
[2019.08.14-22.02.12:075][  0]LogConfig: Applying CVar settings from Section [/Script/Engine.RendererSettings] File [D:/_Projects/GameDev/Unreal/BarBrawlProject/BarBrawl/Saved/Config/Windows/Engine.ini]
[2019.08.14-22.02.12:075][  0]LogConfig: Setting CVar [[r.GPUCrashDebugging:0]]
[2019.08.14-22.02.12:075][  0]LogConfig: Applying CVar settings from Section [/Script/Engine.RendererOverrideSettings] File [D:/_Projects/GameDev/Unreal/BarBrawlProject/BarBrawl/Saved/Config/Windows/Engine.ini]
[2019.08.14-22.02.12:075][  0]LogConfig: Applying CVar settings from Section [/Script/Engine.StreamingSettings] File [D:/_Projects/GameDev/Unreal/BarBrawlProject/BarBrawl/Saved/Config/Windows/Engine.ini]
[2019.08.14-22.02.12:075][  0]LogConfig: Setting CVar [[s.MinBulkDataSizeForAsyncLoading:131072]]
[2019.08.14-22.02.12:075][  0]LogConfig: Setting CVar [[s.AsyncLoadingThreadEnabled:0]]
[2019.08.14-22.02.12:075][  0]LogConfig: Setting CVar [[s.EventDrivenLoaderEnabled:1]]
[2019.08.14-22.02.12:075][  0]LogConfig: Setting CVar [[s.WarnIfTimeLimitExceeded:0]]
[2019.08.14-22.02.12:075][  0]LogConfig: Setting CVar [[s.TimeLimitExceededMultiplier:1.5]]
[2019.08.14-22.02.12:075][  0]LogConfig: Setting CVar [[s.TimeLimitExceededMinTime:0.005]]
[2019.08.14-22.02.12:075][  0]LogConfig: Setting CVar [[s.UseBackgroundLevelStreaming:1]]
[2019.08.14-22.02.12:075][  0]LogConfig: Setting CVar [[s.PriorityAsyncLoadingExtraTime:15.0]]
[2019.08.14-22.02.12:075][  0]LogConfig: Setting CVar [[s.LevelStreamingActorsUpdateTimeLimit:5.0]]
[2019.08.14-22.02.12:075][  0]LogConfig: Setting CVar [[s.PriorityLevelStreamingActorsUpdateExtraTime:5.0]]
[2019.08.14-22.02.12:075][  0]LogConfig: Setting CVar [[s.LevelStreamingComponentsRegistrationGranularity:10]]
[2019.08.14-22.02.12:075][  0]LogConfig: Setting CVar [[s.UnregisterComponentsTimeLimit:1.0]]
[2019.08.14-22.02.12:075][  0]LogConfig: Setting CVar [[s.LevelStreamingComponentsUnregistrationGranularity:5]]
[2019.08.14-22.02.12:076][  0]LogConfig: Applying CVar settings from Section [/Script/Engine.GarbageCollectionSettings] File [D:/_Projects/GameDev/Unreal/BarBrawlProject/BarBrawl/Saved/Config/Windows/Engine.ini]
[2019.08.14-22.02.12:076][  0]LogConfig: Setting CVar [[gc.MaxObjectsNotConsideredByGC:1]]
[2019.08.14-22.02.12:076][  0]LogConfig: Setting CVar [[gc.SizeOfPermanentObjectPool:0]]
[2019.08.14-22.02.12:076][  0]LogConfig: Setting CVar [[gc.FlushStreamingOnGC:0]]
[2019.08.14-22.02.12:076][  0]LogConfig: Setting CVar [[gc.NumRetriesBeforeForcingGC:10]]
[2019.08.14-22.02.12:076][  0]LogConfig: Setting CVar [[gc.AllowParallelGC:1]]
[2019.08.14-22.02.12:076][  0]LogConfig: Setting CVar [[gc.TimeBetweenPurgingPendingKillObjects:61.1]]
[2019.08.14-22.02.12:076][  0]LogConfig: Setting CVar [[gc.MaxObjectsInEditor:16777216]]
[2019.08.14-22.02.12:076][  0]LogConfig: Setting CVar [[gc.IncrementalBeginDestroyEnabled:1]]
[2019.08.14-22.02.12:076][  0]LogConfig: Setting CVar [[gc.CreateGCClusters:1]]
[2019.08.14-22.02.12:076][  0]LogConfig: Setting CVar [[gc.MinGCClusterSize:5]]
[2019.08.14-22.02.12:076][  0]LogConfig: Setting CVar [[gc.ActorClusteringEnabled:0]]
[2019.08.14-22.02.12:076][  0]LogConfig: Setting CVar [[gc.BlueprintClusteringEnabled:0]]
[2019.08.14-22.02.12:076][  0]LogConfig: Setting CVar [[gc.UseDisregardForGCOnDedicatedServers:0]]
[2019.08.14-22.02.12:076][  0]LogConfig: Applying CVar settings from Section [/Script/Engine.NetworkSettings] File [D:/_Projects/GameDev/Unreal/BarBrawlProject/BarBrawl/Saved/Config/Windows/Engine.ini]
[2019.08.14-22.02.12:076][  0]LogConfig: Applying CVar settings from Section [/Script/UnrealEd.CookerSettings] File [D:/_Projects/GameDev/Unreal/BarBrawlProject/BarBrawl/Saved/Config/Windows/Engine.ini]
[2019.08.14-22.02.12:079][  0]LogConfig: Applying CVar settings from Section [ViewDistanceQuality@3] File [D:/_Projects/GameDev/Unreal/BarBrawlProject/BarBrawl/Saved/Config/Windows/Scalability.ini]
[2019.08.14-22.02.12:079][  0]LogConfig: Setting CVar [[r.SkeletalMeshLODBias:0]]
[2019.08.14-22.02.12:079][  0]LogConfig: Setting CVar [[r.ViewDistanceScale:1.0]]
[2019.08.14-22.02.12:079][  0]LogConfig: Applying CVar settings from Section [AntiAliasingQuality@3] File [D:/_Projects/GameDev/Unreal/BarBrawlProject/BarBrawl/Saved/Config/Windows/Scalability.ini]
[2019.08.14-22.02.12:079][  0]LogConfig: Setting CVar [[r.PostProcessAAQuality:4]]
[2019.08.14-22.02.12:079][  0]LogConfig: Applying CVar settings from Section [ShadowQuality@3] File [D:/_Projects/GameDev/Unreal/BarBrawlProject/BarBrawl/Saved/Config/Windows/Scalability.ini]
[2019.08.14-22.02.12:079][  0]LogConfig: Setting CVar [[r.LightFunctionQuality:1]]
[2019.08.14-22.02.12:079][  0]LogConfig: Setting CVar [[r.ShadowQuality:5]]
[2019.08.14-22.02.12:079][  0]LogConfig: Setting CVar [[r.Shadow.CSM.MaxCascades:10]]
[2019.08.14-22.02.12:079][  0]LogConfig: Setting CVar [[r.Shadow.MaxResolution:2048]]
[2019.08.14-22.02.12:079][  0]LogConfig: Setting CVar [[r.Shadow.MaxCSMResolution:2048]]
[2019.08.14-22.02.12:079][  0]LogConfig: Setting CVar [[r.Shadow.RadiusThreshold:0.01]]
[2019.08.14-22.02.12:079][  0]LogConfig: Setting CVar [[r.Shadow.DistanceScale:1.0]]
[2019.08.14-22.02.12:079][  0]LogConfig: Setting CVar [[r.Shadow.CSM.TransitionScale:1.0]]
[2019.08.14-22.02.12:079][  0]LogConfig: Setting CVar [[r.Shadow.PreShadowResolutionFactor:1.0]]
[2019.08.14-22.02.12:079][  0]LogConfig: Setting CVar [[r.DistanceFieldShadowing:1]]
[2019.08.14-22.02.12:079][  0]LogConfig: Setting CVar [[r.DistanceFieldAO:1]]
[2019.08.14-22.02.12:079][  0]LogConfig: Setting CVar [[r.AOQuality:2]]
[2019.08.14-22.02.12:079][  0]LogConfig: Setting CVar [[r.VolumetricFog:1]]
[2019.08.14-22.02.12:079][  0]LogConfig: Setting CVar [[r.VolumetricFog.GridPixelSize:8]]
[2019.08.14-22.02.12:079][  0]LogConfig: Setting CVar [[r.VolumetricFog.GridSizeZ:128]]
[2019.08.14-22.02.12:079][  0]LogConfig: Setting CVar [[r.VolumetricFog.HistoryMissSupersampleCount:4]]
[2019.08.14-22.02.12:079][  0]LogConfig: Setting CVar [[r.LightMaxDrawDistanceScale:1]]
[2019.08.14-22.02.12:079][  0]LogConfig: Setting CVar [[r.CapsuleShadows:1]]
[2019.08.14-22.02.12:079][  0]LogConfig: Applying CVar settings from Section [PostProcessQuality@3] File [D:/_Projects/GameDev/Unreal/BarBrawlProject/BarBrawl/Saved/Config/Windows/Scalability.ini]
[2019.08.14-22.02.12:079][  0]LogConfig: Setting CVar [[r.MotionBlurQuality:4]]
[2019.08.14-22.02.12:079][  0]LogConfig: Setting CVar [[r.AmbientOcclusionMipLevelFactor:0.4]]
[2019.08.14-22.02.12:079][  0]LogConfig: Setting CVar [[r.AmbientOcclusionMaxQuality:100]]
[2019.08.14-22.02.12:079][  0]LogConfig: Setting CVar [[r.AmbientOcclusionLevels:-1]]
[2019.08.14-22.02.12:080][  0]LogConfig: Setting CVar [[r.AmbientOcclusionRadiusScale:1.0]]
[2019.08.14-22.02.12:080][  0]LogConfig: Setting CVar [[r.DepthOfFieldQuality:2]]
[2019.08.14-22.02.12:080][  0]LogConfig: Setting CVar [[r.RenderTargetPoolMin:400]]
[2019.08.14-22.02.12:080][  0]LogConfig: Setting CVar [[r.LensFlareQuality:2]]
[2019.08.14-22.02.12:080][  0]LogConfig: Setting CVar [[r.SceneColorFringeQuality:1]]
[2019.08.14-22.02.12:080][  0]LogConfig: Setting CVar [[r.EyeAdaptationQuality:2]]
[2019.08.14-22.02.12:080][  0]LogConfig: Setting CVar [[r.BloomQuality:5]]
[2019.08.14-22.02.12:080][  0]LogConfig: Setting CVar [[r.FastBlurThreshold:100]]
[2019.08.14-22.02.12:080][  0]LogConfig: Setting CVar [[r.Upscale.Quality:3]]
[2019.08.14-22.02.12:080][  0]LogConfig: Setting CVar [[r.Tonemapper.GrainQuantization:1]]
[2019.08.14-22.02.12:080][  0]LogConfig: Setting CVar [[r.LightShaftQuality:1]]
[2019.08.14-22.02.12:080][  0]LogConfig: Setting CVar [[r.Filter.SizeScale:1]]
[2019.08.14-22.02.12:080][  0]LogConfig: Setting CVar [[r.Tonemapper.Quality:5]]
[2019.08.14-22.02.12:080][  0]LogConfig: Setting CVar [[r.DOF.Gather.AccumulatorQuality:1        ; higher gathering accumulator quality]]
[2019.08.14-22.02.12:080][  0]LogConfig: Setting CVar [[r.DOF.Gather.PostfilterMethod:1          ; Median3x3 postfilering method]]
[2019.08.14-22.02.12:080][  0]LogConfig: Setting CVar [[r.DOF.Gather.EnableBokehSettings:0       ; no bokeh simulation when gathering]]
[2019.08.14-22.02.12:080][  0]LogConfig: Setting CVar [[r.DOF.Gather.RingCount:4                 ; medium number of samples when gathering]]
[2019.08.14-22.02.12:080][  0]LogConfig: Setting CVar [[r.DOF.Scatter.ForegroundCompositing:1    ; additive foreground scattering]]
[2019.08.14-22.02.12:080][  0]LogConfig: Setting CVar [[r.DOF.Scatter.BackgroundCompositing:2    ; additive background scattering]]
[2019.08.14-22.02.12:080][  0]LogConfig: Setting CVar [[r.DOF.Scatter.EnableBokehSettings:1      ; bokeh simulation when scattering]]
[2019.08.14-22.02.12:080][  0]LogConfig: Setting CVar [[r.DOF.Scatter.MaxSpriteRatio:0.1         ; only a maximum of 10% of scattered bokeh]]
[2019.08.14-22.02.12:080][  0]LogConfig: Setting CVar [[r.DOF.Recombine.Quality:1                ; cheap slight out of focus]]
[2019.08.14-22.02.12:080][  0]LogConfig: Setting CVar [[r.DOF.Recombine.EnableBokehSettings:0    ; no bokeh simulation on slight out of focus]]
[2019.08.14-22.02.12:080][  0]LogConfig: Setting CVar [[r.DOF.TemporalAAQuality:1                ; more stable temporal accumulation]]
[2019.08.14-22.02.12:080][  0]LogConfig: Setting CVar [[r.DOF.Kernel.MaxForegroundRadius:0.025]]
[2019.08.14-22.02.12:080][  0]LogConfig: Setting CVar [[r.DOF.Kernel.MaxBackgroundRadius:0.025]]
[2019.08.14-22.02.12:080][  0]LogConfig: Applying CVar settings from Section [TextureQuality@3] File [D:/_Projects/GameDev/Unreal/BarBrawlProject/BarBrawl/Saved/Config/Windows/Scalability.ini]
[2019.08.14-22.02.12:080][  0]LogConfig: Setting CVar [[r.Streaming.MipBias:0]]
[2019.08.14-22.02.12:080][  0]LogConfig: Setting CVar [[r.Streaming.AmortizeCPUToGPUCopy:0]]
[2019.08.14-22.02.12:080][  0]LogConfig: Setting CVar [[r.Streaming.MaxNumTexturesToStreamPerFrame:0]]
[2019.08.14-22.02.12:080][  0]LogConfig: Setting CVar [[r.Streaming.Boost:1]]
[2019.08.14-22.02.12:080][  0]LogConfig: Setting CVar [[r.MaxAnisotropy:8]]
[2019.08.14-22.02.12:080][  0]LogConfig: Setting CVar [[r.Streaming.LimitPoolSizeToVRAM:0]]
[2019.08.14-22.02.12:080][  0]LogConfig: Setting CVar [[r.Streaming.PoolSize:1000]]
[2019.08.14-22.02.12:080][  0]LogConfig: Setting CVar [[r.Streaming.MaxEffectiveScreenSize:0]]
[2019.08.14-22.02.12:080][  0]LogConfig: Applying CVar settings from Section [EffectsQuality@3] File [D:/_Projects/GameDev/Unreal/BarBrawlProject/BarBrawl/Saved/Config/Windows/Scalability.ini]
[2019.08.14-22.02.12:080][  0]LogConfig: Setting CVar [[r.TranslucencyLightingVolumeDim:64]]
[2019.08.14-22.02.12:080][  0]LogConfig: Setting CVar [[r.RefractionQuality:2]]
[2019.08.14-22.02.12:080][  0]LogConfig: Setting CVar [[r.SSR.Quality:3]]
[2019.08.14-22.02.12:080][  0]LogConfig: Setting CVar [[r.SceneColorFormat:4]]
[2019.08.14-22.02.12:080][  0]LogConfig: Setting CVar [[r.DetailMode:2]]
[2019.08.14-22.02.12:080][  0]LogConfig: Setting CVar [[r.TranslucencyVolumeBlur:1]]
[2019.08.14-22.02.12:080][  0]LogConfig: Setting CVar [[r.MaterialQualityLevel:1 ; High quality]]
[2019.08.14-22.02.12:080][  0]LogConfig: Setting CVar [[r.SSS.Scale:1]]
[2019.08.14-22.02.12:080][  0]LogConfig: Setting CVar [[r.SSS.SampleSet:2]]
[2019.08.14-22.02.12:080][  0]LogConfig: Setting CVar [[r.SSS.Quality:1]]
[2019.08.14-22.02.12:080][  0]LogConfig: Setting CVar [[r.SSS.HalfRes:1]]
[2019.08.14-22.02.12:080][  0]LogConfig: Setting CVar [[r.EmitterSpawnRateScale:1.0]]
[2019.08.14-22.02.12:080][  0]LogConfig: Setting CVar [[r.ParticleLightQuality:2]]
[2019.08.14-22.02.12:080][  0]LogConfig: Applying CVar settings from Section [FoliageQuality@3] File [D:/_Projects/GameDev/Unreal/BarBrawlProject/BarBrawl/Saved/Config/Windows/Scalability.ini]
[2019.08.14-22.02.12:080][  0]LogConfig: Setting CVar [[foliage.DensityScale:1.0]]
[2019.08.14-22.02.12:080][  0]LogConfig: Setting CVar [[grass.DensityScale:1.0]]
[2019.08.14-22.02.12:080][  0]LogInit: Selected Device Profile: [Windows]
[2019.08.14-22.02.12:080][  0]LogInit: Applying CVar settings loaded from the selected device profile: [Windows]
[2019.08.14-22.02.12:084][  0]LogHAL: Display: Platform has ~ 16 GB [17031782400 / 17179869184 / 16], which maps to Larger [LargestMinGB=32, LargerMinGB=12, DefaultMinGB=8, SmallerMinGB=6, SmallestMinGB=0)
[2019.08.14-22.02.12:084][  0]LogConfig: Setting CVar [[r.Vulkan.UseRealUBs:0		; Required until we fix HLR fall-out]]
[2019.08.14-22.02.12:084][  0]LogInit: Going up to parent DeviceProfile []
[2019.08.14-22.02.12:084][  0]LogConfig: Applying CVar settings from Section [ViewDistanceQuality@3] File [D:/_Projects/GameDev/Unreal/BarBrawlProject/BarBrawl/Saved/Config/Windows/Scalability.ini]
[2019.08.14-22.02.12:084][  0]LogConfig: Setting CVar [[r.SkeletalMeshLODBias:0]]
[2019.08.14-22.02.12:084][  0]LogConfig: Setting CVar [[r.ViewDistanceScale:1.0]]
[2019.08.14-22.02.12:084][  0]LogConfig: Applying CVar settings from Section [AntiAliasingQuality@3] File [D:/_Projects/GameDev/Unreal/BarBrawlProject/BarBrawl/Saved/Config/Windows/Scalability.ini]
[2019.08.14-22.02.12:084][  0]LogConfig: Setting CVar [[r.PostProcessAAQuality:4]]
[2019.08.14-22.02.12:084][  0]LogConfig: Applying CVar settings from Section [ShadowQuality@3] File [D:/_Projects/GameDev/Unreal/BarBrawlProject/BarBrawl/Saved/Config/Windows/Scalability.ini]
[2019.08.14-22.02.12:084][  0]LogConfig: Setting CVar [[r.LightFunctionQuality:1]]
[2019.08.14-22.02.12:084][  0]LogConfig: Setting CVar [[r.ShadowQuality:5]]
[2019.08.14-22.02.12:084][  0]LogConfig: Setting CVar [[r.Shadow.CSM.MaxCascades:10]]
[2019.08.14-22.02.12:084][  0]LogConfig: Setting CVar [[r.Shadow.MaxResolution:2048]]
[2019.08.14-22.02.12:084][  0]LogConfig: Setting CVar [[r.Shadow.MaxCSMResolution:2048]]
[2019.08.14-22.02.12:084][  0]LogConfig: Setting CVar [[r.Shadow.RadiusThreshold:0.01]]
[2019.08.14-22.02.12:084][  0]LogConfig: Setting CVar [[r.Shadow.DistanceScale:1.0]]
[2019.08.14-22.02.12:084][  0]LogConfig: Setting CVar [[r.Shadow.CSM.TransitionScale:1.0]]
[2019.08.14-22.02.12:084][  0]LogConfig: Setting CVar [[r.Shadow.PreShadowResolutionFactor:1.0]]
[2019.08.14-22.02.12:084][  0]LogConfig: Setting CVar [[r.DistanceFieldShadowing:1]]
[2019.08.14-22.02.12:084][  0]LogConfig: Setting CVar [[r.DistanceFieldAO:1]]
[2019.08.14-22.02.12:084][  0]LogConfig: Setting CVar [[r.AOQuality:2]]
[2019.08.14-22.02.12:084][  0]LogConfig: Setting CVar [[r.VolumetricFog:1]]
[2019.08.14-22.02.12:084][  0]LogConfig: Setting CVar [[r.VolumetricFog.GridPixelSize:8]]
[2019.08.14-22.02.12:084][  0]LogConfig: Setting CVar [[r.VolumetricFog.GridSizeZ:128]]
[2019.08.14-22.02.12:084][  0]LogConfig: Setting CVar [[r.VolumetricFog.HistoryMissSupersampleCount:4]]
[2019.08.14-22.02.12:084][  0]LogConfig: Setting CVar [[r.LightMaxDrawDistanceScale:1]]
[2019.08.14-22.02.12:084][  0]LogConfig: Setting CVar [[r.CapsuleShadows:1]]
[2019.08.14-22.02.12:084][  0]LogConfig: Applying CVar settings from Section [PostProcessQuality@3] File [D:/_Projects/GameDev/Unreal/BarBrawlProject/BarBrawl/Saved/Config/Windows/Scalability.ini]
[2019.08.14-22.02.12:084][  0]LogConfig: Setting CVar [[r.MotionBlurQuality:4]]
[2019.08.14-22.02.12:084][  0]LogConfig: Setting CVar [[r.AmbientOcclusionMipLevelFactor:0.4]]
[2019.08.14-22.02.12:084][  0]LogConfig: Setting CVar [[r.AmbientOcclusionMaxQuality:100]]
[2019.08.14-22.02.12:084][  0]LogConfig: Setting CVar [[r.AmbientOcclusionLevels:-1]]
[2019.08.14-22.02.12:084][  0]LogConfig: Setting CVar [[r.AmbientOcclusionRadiusScale:1.0]]
[2019.08.14-22.02.12:084][  0]LogConfig: Setting CVar [[r.DepthOfFieldQuality:2]]
[2019.08.14-22.02.12:084][  0]LogConfig: Setting CVar [[r.RenderTargetPoolMin:400]]
[2019.08.14-22.02.12:084][  0]LogConfig: Setting CVar [[r.LensFlareQuality:2]]
[2019.08.14-22.02.12:084][  0]LogConfig: Setting CVar [[r.SceneColorFringeQuality:1]]
[2019.08.14-22.02.12:084][  0]LogConfig: Setting CVar [[r.EyeAdaptationQuality:2]]
[2019.08.14-22.02.12:084][  0]LogConfig: Setting CVar [[r.BloomQuality:5]]
[2019.08.14-22.02.12:084][  0]LogConfig: Setting CVar [[r.FastBlurThreshold:100]]
[2019.08.14-22.02.12:084][  0]LogConfig: Setting CVar [[r.Upscale.Quality:3]]
[2019.08.14-22.02.12:084][  0]LogConfig: Setting CVar [[r.Tonemapper.GrainQuantization:1]]
[2019.08.14-22.02.12:084][  0]LogConfig: Setting CVar [[r.LightShaftQuality:1]]
[2019.08.14-22.02.12:084][  0]LogConfig: Setting CVar [[r.Filter.SizeScale:1]]
[2019.08.14-22.02.12:084][  0]LogConfig: Setting CVar [[r.Tonemapper.Quality:5]]
[2019.08.14-22.02.12:084][  0]LogConfig: Setting CVar [[r.DOF.Gather.AccumulatorQuality:1        ; higher gathering accumulator quality]]
[2019.08.14-22.02.12:084][  0]LogConfig: Setting CVar [[r.DOF.Gather.PostfilterMethod:1          ; Median3x3 postfilering method]]
[2019.08.14-22.02.12:084][  0]LogConfig: Setting CVar [[r.DOF.Gather.EnableBokehSettings:0       ; no bokeh simulation when gathering]]
[2019.08.14-22.02.12:084][  0]LogConfig: Setting CVar [[r.DOF.Gather.RingCount:4                 ; medium number of samples when gathering]]
[2019.08.14-22.02.12:084][  0]LogConfig: Setting CVar [[r.DOF.Scatter.ForegroundCompositing:1    ; additive foreground scattering]]
[2019.08.14-22.02.12:084][  0]LogConfig: Setting CVar [[r.DOF.Scatter.BackgroundCompositing:2    ; additive background scattering]]
[2019.08.14-22.02.12:084][  0]LogConfig: Setting CVar [[r.DOF.Scatter.EnableBokehSettings:1      ; bokeh simulation when scattering]]
[2019.08.14-22.02.12:084][  0]LogConfig: Setting CVar [[r.DOF.Scatter.MaxSpriteRatio:0.1         ; only a maximum of 10% of scattered bokeh]]
[2019.08.14-22.02.12:084][  0]LogConfig: Setting CVar [[r.DOF.Recombine.Quality:1                ; cheap slight out of focus]]
[2019.08.14-22.02.12:084][  0]LogConfig: Setting CVar [[r.DOF.Recombine.EnableBokehSettings:0    ; no bokeh simulation on slight out of focus]]
[2019.08.14-22.02.12:084][  0]LogConfig: Setting CVar [[r.DOF.TemporalAAQuality:1                ; more stable temporal accumulation]]
[2019.08.14-22.02.12:084][  0]LogConfig: Setting CVar [[r.DOF.Kernel.MaxForegroundRadius:0.025]]
[2019.08.14-22.02.12:084][  0]LogConfig: Setting CVar [[r.DOF.Kernel.MaxBackgroundRadius:0.025]]
[2019.08.14-22.02.12:084][  0]LogConfig: Applying CVar settings from Section [TextureQuality@3] File [D:/_Projects/GameDev/Unreal/BarBrawlProject/BarBrawl/Saved/Config/Windows/Scalability.ini]
[2019.08.14-22.02.12:084][  0]LogConfig: Setting CVar [[r.Streaming.MipBias:0]]
[2019.08.14-22.02.12:084][  0]LogConfig: Setting CVar [[r.Streaming.AmortizeCPUToGPUCopy:0]]
[2019.08.14-22.02.12:084][  0]LogConfig: Setting CVar [[r.Streaming.MaxNumTexturesToStreamPerFrame:0]]
[2019.08.14-22.02.12:084][  0]LogConfig: Setting CVar [[r.Streaming.Boost:1]]
[2019.08.14-22.02.12:084][  0]LogConfig: Setting CVar [[r.MaxAnisotropy:8]]
[2019.08.14-22.02.12:084][  0]LogConfig: Setting CVar [[r.Streaming.LimitPoolSizeToVRAM:0]]
[2019.08.14-22.02.12:084][  0]LogConfig: Setting CVar [[r.Streaming.PoolSize:1000]]
[2019.08.14-22.02.12:084][  0]LogConfig: Setting CVar [[r.Streaming.MaxEffectiveScreenSize:0]]
[2019.08.14-22.02.12:084][  0]LogConfig: Applying CVar settings from Section [EffectsQuality@3] File [D:/_Projects/GameDev/Unreal/BarBrawlProject/BarBrawl/Saved/Config/Windows/Scalability.ini]
[2019.08.14-22.02.12:084][  0]LogConfig: Setting CVar [[r.TranslucencyLightingVolumeDim:64]]
[2019.08.14-22.02.12:084][  0]LogConfig: Setting CVar [[r.RefractionQuality:2]]
[2019.08.14-22.02.12:084][  0]LogConfig: Setting CVar [[r.SSR.Quality:3]]
[2019.08.14-22.02.12:084][  0]LogConfig: Setting CVar [[r.SceneColorFormat:4]]
[2019.08.14-22.02.12:084][  0]LogConfig: Setting CVar [[r.DetailMode:2]]
[2019.08.14-22.02.12:084][  0]LogConfig: Setting CVar [[r.TranslucencyVolumeBlur:1]]
[2019.08.14-22.02.12:084][  0]LogConfig: Setting CVar [[r.MaterialQualityLevel:1 ; High quality]]
[2019.08.14-22.02.12:084][  0]LogConfig: Setting CVar [[r.SSS.Scale:1]]
[2019.08.14-22.02.12:084][  0]LogConfig: Setting CVar [[r.SSS.SampleSet:2]]
[2019.08.14-22.02.12:085][  0]LogConfig: Setting CVar [[r.SSS.Quality:1]]
[2019.08.14-22.02.12:085][  0]LogConfig: Setting CVar [[r.SSS.HalfRes:1]]
[2019.08.14-22.02.12:085][  0]LogConfig: Setting CVar [[r.EmitterSpawnRateScale:1.0]]
[2019.08.14-22.02.12:085][  0]LogConfig: Setting CVar [[r.ParticleLightQuality:2]]
[2019.08.14-22.02.12:085][  0]LogConfig: Applying CVar settings from Section [FoliageQuality@3] File [D:/_Projects/GameDev/Unreal/BarBrawlProject/BarBrawl/Saved/Config/Windows/Scalability.ini]
[2019.08.14-22.02.12:085][  0]LogConfig: Setting CVar [[foliage.DensityScale:1.0]]
[2019.08.14-22.02.12:085][  0]LogConfig: Setting CVar [[grass.DensityScale:1.0]]
[2019.08.14-22.02.12:085][  0]LogConfig: Applying CVar settings from Section [Startup] File [../../../Engine/Config/ConsoleVariables.ini]
[2019.08.14-22.02.12:085][  0]LogConfig: Setting CVar [[net.UseAdaptiveNetUpdateFrequency:0]]
[2019.08.14-22.02.12:085][  0]LogConfig: Setting CVar [[p.chaos.AllowCreatePhysxBodies:1]]
[2019.08.14-22.02.12:085][  0]LogConfig: Applying CVar settings from Section [ConsoleVariables] File [D:/_Projects/GameDev/Unreal/BarBrawlProject/BarBrawl/Saved/Config/Windows/Engine.ini]
[2019.08.14-22.02.12:085][  0]LogInit: Computer: DESKTOP-GTCG833
[2019.08.14-22.02.12:085][  0]LogInit: User: Matt
[2019.08.14-22.02.12:085][  0]LogInit: CPU Page size=4096, Cores=6
[2019.08.14-22.02.12:085][  0]LogInit: High frequency timer resolution =10.000000 MHz
[2019.08.14-22.02.12:085][  0]LogMemory: Memory total: Physical=15.9GB (16GB approx)
[2019.08.14-22.02.12:085][  0]LogMemory: Platform Memory Stats for Windows
[2019.08.14-22.02.12:085][  0]LogMemory: Process Physical Memory: 98.42 MB used, 98.42 MB peak
[2019.08.14-22.02.12:085][  0]LogMemory: Process Virtual Memory: 90.07 MB used, 90.07 MB peak
[2019.08.14-22.02.12:085][  0]LogMemory: Physical Memory: 8132.02 MB used,  8110.75 MB free, 16242.77 MB total
[2019.08.14-22.02.12:085][  0]LogMemory: Virtual Memory: 4674.63 MB used,  134213056.00 MB free, 134217728.00 MB total
[2019.08.14-22.02.12:150][  0]LogInit: Using OS detected language (en-US).
[2019.08.14-22.02.12:150][  0]LogInit: Using OS detected locale (en-CA).
[2019.08.14-22.02.12:150][  0]LogTextLocalizationManager: No specific localization for 'en-US' exists, so the 'en' localization will be used.
[2019.08.14-22.02.12:311][  0]LogSlate: New Slate User Created.  User Index 0, Is Virtual User: 0
[2019.08.14-22.02.12:311][  0]LogSlate: Slate User Registered.  User Index 0, Is Virtual User: 0
[2019.08.14-22.02.12:327][  0]LogHMD: Failed to initialize OpenVR with code 110
[2019.08.14-22.02.12:327][  0]LogD3D11RHI: D3D11 adapters:
[2019.08.14-22.02.12:375][  0]LogD3D11RHI:    0. 'NVIDIA GeForce GTX 1070' (Feature Level 11_0)
[2019.08.14-22.02.12:375][  0]LogD3D11RHI:       8081/0/8121 MB DedicatedVideo/DedicatedSystem/SharedSystem, Outputs:1, VendorId:0x10de
[2019.08.14-22.02.12:400][  0]LogD3D11RHI:    1. 'Intel(R) UHD Graphics 630' (Feature Level 11_0)
[2019.08.14-22.02.12:400][  0]LogD3D11RHI:       128/0/8121 MB DedicatedVideo/DedicatedSystem/SharedSystem, Outputs:0, VendorId:0x8086
[2019.08.14-22.02.12:402][  0]LogD3D11RHI:    2. 'Microsoft Basic Render Driver' (Feature Level 11_0)
[2019.08.14-22.02.12:402][  0]LogD3D11RHI:       0/0/8121 MB DedicatedVideo/DedicatedSystem/SharedSystem, Outputs:0, VendorId:0x1414
[2019.08.14-22.02.12:402][  0]LogD3D11RHI: Chosen D3D11 Adapter: 0
[2019.08.14-22.02.12:410][  0]LogD3D11RHI: Creating new Direct3DDevice
[2019.08.14-22.02.12:410][  0]LogD3D11RHI:     GPU DeviceId: 0x1be1 (for the marketing name, search the web for "GPU Device Id")
[2019.08.14-22.02.12:410][  0]LogWindows: EnumDisplayDevices:
[2019.08.14-22.02.12:410][  0]LogWindows:    0. 'NVIDIA GeForce GTX 1070' (P:1 D:1)
[2019.08.14-22.02.12:411][  0]LogWindows:    1. 'NVIDIA GeForce GTX 1070' (P:0 D:0)
[2019.08.14-22.02.12:411][  0]LogWindows:    2. 'NVIDIA GeForce GTX 1070' (P:0 D:0)
[2019.08.14-22.02.12:411][  0]LogWindows:    3. 'NVIDIA GeForce GTX 1070' (P:0 D:0)
[2019.08.14-22.02.12:411][  0]LogWindows:    4. 'Intel(R) UHD Graphics 630' (P:0 D:0)
[2019.08.14-22.02.12:412][  0]LogWindows:    5. 'Intel(R) UHD Graphics 630' (P:0 D:0)
[2019.08.14-22.02.12:412][  0]LogWindows:    6. 'Intel(R) UHD Graphics 630' (P:0 D:0)
[2019.08.14-22.02.12:412][  0]LogWindows: DebugString: PrimaryIsNotTheChoosenAdapter PrimaryIsNotTheChoosenAdapter PrimaryIsNotTheChoosenAdapter FoundDriverCount:4 
[2019.08.14-22.02.12:412][  0]LogD3D11RHI:     Adapter Name: NVIDIA GeForce GTX 1070
[2019.08.14-22.02.12:412][  0]LogD3D11RHI:   Driver Version: 398.27 (internal:24.21.13.9827, unified:398.27)
[2019.08.14-22.02.12:412][  0]LogD3D11RHI:      Driver Date: 6-13-2018
[2019.08.14-22.02.12:412][  0]LogRHI: Texture pool is 5656 MB (70% of 8081 MB)
[2019.08.14-22.02.12:444][  0]LogD3D11RHI: Async texture creation enabled
[2019.08.14-22.02.12:447][  0]LogRendererCore: FGlobalReadBuffer::InitRHI
[2019.08.14-22.02.12:447][  0]LogRendererCore: FGlobalReadBuffer::InitRHI
[2019.08.14-22.02.12:447][  0]LogRendererCore: FGlobalReadBuffer::InitRHI
[2019.08.14-22.02.12:461][  0]LogD3D11RHI: GPU Timing Frequency: 1000.000000 (Debug: 2 2)
[2019.08.14-22.02.12:776][  0]LogTemp: Display: Module 'WindowsClientTargetPlatform' loaded TargetPlatform 'WindowsClient'
[2019.08.14-22.02.12:787][  0]LogTemp: Display: Module 'WindowsNoEditorTargetPlatform' loaded TargetPlatform 'WindowsNoEditor'
[2019.08.14-22.02.12:798][  0]LogTemp: Display: Module 'WindowsServerTargetPlatform' loaded TargetPlatform 'WindowsServer'
[2019.08.14-22.02.12:803][  0]LogTemp: Display: Module 'WindowsTargetPlatform' loaded TargetPlatform 'Windows'
[2019.08.14-22.02.12:803][  0]LogTargetPlatformManager: Display: Building Assets For Windows
[2019.08.14-22.02.12:810][  0]LogAudioDebug: Display: Lib vorbis DLL was dynamically loaded.
[2019.08.14-22.02.12:840][  0]LogShaderCompilers: Guid format shader working directory is -20 characters bigger than the processId version (../../../../../_Projects/GameDev/Unreal/BarBrawlProject/BarBrawl/Intermediate/Shaders/WorkingDirectory/21696/).
[2019.08.14-22.02.12:840][  0]LogShaderCompilers: Cleaned the shader compiler working directory 'C:/Users/Matt/AppData/Local/Temp/UnrealShaderWorkingDir/B8F7968A42A2F02C01F2278E70D78257/'.
[2019.08.14-22.02.12:841][  0]LogXGEController: Cannot use XGE Controller as Incredibuild is not installed on this machine.
[2019.08.14-22.02.12:841][  0]LogShaderCompilers: Cannot use XGE Shader Compiler as Incredibuild is not installed on this machine.
[2019.08.14-22.02.12:841][  0]LogShaderCompilers: Display: Using Local Shader Compiler.
[2019.08.14-22.02.13:311][  0]LogDerivedDataCache: Display: Max Cache Size: 512 MB
[2019.08.14-22.02.13:353][  0]LogDerivedDataCache: Loaded boot cache 0.04s 71MB C:/Users/Matt/AppData/Local/UnrealEngine/4.22/DerivedDataCache/Boot.ddc.
[2019.08.14-22.02.13:353][  0]LogDerivedDataCache: Display: Loaded Boot cache: C:/Users/Matt/AppData/Local/UnrealEngine/4.22/DerivedDataCache/Boot.ddc
[2019.08.14-22.02.13:353][  0]LogDerivedDataCache: FDerivedDataBackendGraph:  Pak pak cache file ../../../../../_Projects/GameDev/Unreal/BarBrawlProject/BarBrawl/DerivedDataCache/DDC.ddp not found, will not use a pak cache.
[2019.08.14-22.02.13:353][  0]LogDerivedDataCache: Unable to find inner node Pak for hierarchical cache Hierarchy.
[2019.08.14-22.02.13:353][  0]LogDerivedDataCache: FDerivedDataBackendGraph:  CompressedPak pak cache file ../../../../../_Projects/GameDev/Unreal/BarBrawlProject/BarBrawl/DerivedDataCache/Compressed.ddp not found, will not use a pak cache.
[2019.08.14-22.02.13:353][  0]LogDerivedDataCache: Unable to find inner node CompressedPak for hierarchical cache Hierarchy.
[2019.08.14-22.02.13:364][  0]LogDerivedDataCache: Display: Pak cache opened for reading ../../../Engine/DerivedDataCache/Compressed.ddp.
[2019.08.14-22.02.13:364][  0]LogDerivedDataCache: FDerivedDataBackendGraph:  EnterprisePak pak cache file ../../../Enterprise/DerivedDataCache/Compressed.ddp not found, will not use a pak cache.
[2019.08.14-22.02.13:364][  0]LogDerivedDataCache: Unable to find inner node EnterprisePak for hierarchical cache Hierarchy.
[2019.08.14-22.02.13:376][  0]LogDerivedDataCache: Using Local data cache path C:/Users/Matt/AppData/Local/UnrealEngine/Common/DerivedDataCache: Writable
[2019.08.14-22.02.13:376][  0]LogDerivedDataCache: Shared data cache path not found in *engine.ini, will not use an Shared cache.
[2019.08.14-22.02.13:376][  0]LogDerivedDataCache: Unable to find inner node Shared for hierarchical cache Hierarchy.
[2019.08.14-22.02.13:395][  0]LogMaterial: Verifying Global Shaders for PCD3D_SM5
[2019.08.14-22.02.13:395][  0]LogSlate: Using FreeType 2.6.0
[2019.08.14-22.02.13:396][  0]LogSlate: SlateFontServices - WITH_FREETYPE: 1, WITH_HARFBUZZ: 1
[2019.08.14-22.02.13:482][  0]LogInit: Using OS detected language (en-US).
[2019.08.14-22.02.13:482][  0]LogInit: Using OS detected locale (en-CA).
[2019.08.14-22.02.13:482][  0]LogTextLocalizationManager: No localization for 'en-US' exists, so 'en' will be used for the language.
[2019.08.14-22.02.13:482][  0]LogTextLocalizationManager: No localization for 'en-CA' exists, so 'en' will be used for the locale.
[2019.08.14-22.02.13:482][  0]LogSlate: FontCache flush requested. Reason: Culture for localization was changed
[2019.08.14-22.02.13:482][  0]LogSlate: FontCache flush requested. Reason: Culture for localization was changed
[2019.08.14-22.02.13:483][  0]LogTextLocalizationManager: Compacting localization data took   0.00ms
[2019.08.14-22.02.13:488][  0]LogAssetRegistry: FAssetRegistry took 0.0034 seconds to start up
[2019.08.14-22.02.13:642][  0]LogPackageLocalizationCache: Processed 10 localized package path(s) for 1 prioritized culture(s) in 0.000453 seconds
[2019.08.14-22.02.13:740][  0]LogInit: Selected Device Profile: [Windows]
[2019.08.14-22.02.13:840][  0]LogMeshReduction: Using QuadricMeshReduction for automatic static mesh reduction
[2019.08.14-22.02.13:840][  0]LogMeshReduction: Using SimplygonMeshReduction for automatic skeletal mesh reduction
[2019.08.14-22.02.13:840][  0]LogMeshReduction: Using ProxyLODMeshReduction for automatic mesh merging
[2019.08.14-22.02.13:840][  0]LogMeshReduction: No distributed automatic mesh merging module available
[2019.08.14-22.02.13:840][  0]LogMeshMerging: No distributed automatic mesh merging module available
[2019.08.14-22.02.13:852][  0]LogNetVersion: BarBrawlProject 1.0.0, NetCL: 5660361, EngineNetVer: 10, GameNetVer: 0 (Checksum: 1135844317)
[2019.08.14-22.02.14:265][  0]LogMoviePlayer: Initializing movie player
[2019.08.14-22.02.14:362][  0]LogTcpMessaging: Initializing TcpMessaging bridge
[2019.08.14-22.02.14:374][  0]LogUdpMessaging: Initializing bridge on interface 0.0.0.0:0 to multicast group 230.0.0.1:6666.
[2019.08.14-22.02.14:438][  0]LogCollectionManager: Loaded 0 collections in 0.000705 seconds
[2019.08.14-22.02.14:473][  0]LogFileCache: Scanning file cache for directory 'D:/_Projects/GameDev/Unreal/BarBrawlProject/BarBrawl/Saved/Collections/' took 0.01s
[2019.08.14-22.02.14:473][  0]LogFileCache: Scanning file cache for directory 'D:/_Projects/GameDev/Unreal/BarBrawlProject/BarBrawl/Content/Developers/Matt/Collections/' took 0.01s
[2019.08.14-22.02.14:473][  0]LogFileCache: Scanning file cache for directory 'D:/_Projects/GameDev/Unreal/BarBrawlProject/BarBrawl/Content/Collections/' took 0.01s
[2019.08.14-22.02.14:473][  0]LogCollectionManager: Rebuilt the object cache for 0 collections in 0.000000 seconds (found 0 objects)
[2019.08.14-22.02.14:473][  0]LogCollectionManager: Fixed up redirectors for 0 collections in 0.000094 seconds (updated 0 objects)
[2019.08.14-22.02.14:500][  0]SourceControl: Source control is disabled
[2019.08.14-22.02.14:500][  0]SourceControl: Source control is disabled
[2019.08.14-22.02.14:500][  0]SourceControl: Source control is disabled
[2019.08.14-22.02.14:537][  0]LogAndroidPermission: UAndroidPermissionCallbackProxy::GetInstance
[2019.08.14-22.02.14:882][  0]LogOcInput: OculusInput pre-init called
[2019.08.14-22.02.14:892][  0]LogUObjectArray: 46592 objects as part of root set at end of initial load.
[2019.08.14-22.02.14:892][  0]LogUObjectAllocator: 8189576 out of 0 bytes used by permanent object pool.
[2019.08.14-22.02.14:892][  0]LogUObjectArray: CloseDisregardForGC: 0/0 objects in disregard for GC pool
[2019.08.14-22.02.15:016][  0]LogEngine: Initializing Engine...
[2019.08.14-22.02.15:017][  0]LogHMD: Failed to initialize OpenVR with code 110
[2019.08.14-22.02.15:028][  0]LogStats: UGameplayTagsManager::InitializeManager -  0.000 s
[2019.08.14-22.02.15:167][  0]LogInit: Initializing FReadOnlyCVARCache
[2019.08.14-22.02.15:179][  0]LogInit: XAudio2 using 'Speakers/Headphones (Realtek(R) Audio)' : 6 channels at 48 kHz using 32 bits per sample (channel mask 0x3f)
[2019.08.14-22.02.15:287][  0]LogInit: FAudioDevice initialized.
[2019.08.14-22.02.15:299][  0]LogNetVersion: Set ProjectVersion to 1.0.0.0. Version Checksum will be recalculated on next use.
[2019.08.14-22.02.15:304][  0]LogInit: Texture streaming: Enabled
[2019.08.14-22.02.15:410][  0]LogSlate: Updating window title bar state: overlay mode, drag disabled, window buttons hidden, title bar hidden
[2019.08.14-22.02.15:410][  0]LogInit: Display: Game Engine Initialized.
[2019.08.14-22.02.15:449][  0]LogInit: Display: Starting Game.
[2019.08.14-22.02.15:449][  0]LogNet: Browse: /Game/TopDownBP/Maps/TopDownExampleMap?Name=Player
[2019.08.14-22.02.15:449][  0]LogLoad: LoadMap: /Game/TopDownBP/Maps/TopDownExampleMap?Name=Player
[2019.08.14-22.02.15:477][  0]LogUObjectHash: Compacting FUObjectHashTables data took   1.20ms
[2019.08.14-22.02.16:017][  0]LogMaterial: Display: Missing cached shader map for material 07_-_Default, compiling. 
[2019.08.14-22.02.16:017][  0]LogMaterial: Warning: D:\_Projects\GameDev\Unreal\BarBrawlProject\BarBrawl\Content\Assets\Pool_Table\07_-_Default.uasset: Failed to compile Material for platform PCD3D_SM5, Default Material will be used in game.
[2019.08.14-22.02.16:017][  0]LogMaterial: 	(Node TextureSample) TextureSample> Sampler type is Color, should be Linear Color for /Game/Assets/Pool_Table/jalat.jalat
[2019.08.14-22.02.16:184][  0]LogAIModule: Creating AISystem for world TopDownExampleMap
[2019.08.14-22.02.16:184][  0]LogLoad: Game class is 'TopDownGameMode_C'
[2019.08.14-22.02.16:210][  0]LogWorld: Bringing World /Game/TopDownBP/Maps/TopDownExampleMap.TopDownExampleMap up for play (max tick rate 0) at 2019.08.14-18.02.16
[2019.08.14-22.02.16:211][  0]LogWorld: Bringing up level for play took: 0.025980
[2019.08.14-22.02.16:215][  0]LogLoad: Took 0.765342 seconds to LoadMap(/Game/TopDownBP/Maps/TopDownExampleMap)
[2019.08.14-22.02.16:262][  0]LogRenderer: Reallocating scene render targets to support 1280x720 Format 10 NumSamples 1 (Frame:1).
[2019.08.14-22.02.16:262][  0]LogLoad: (Engine Initialization) Total time: 5.80 seconds
[2019.08.14-22.02.16:262][  0]LogLoad: (Engine Initialization) Total Blueprint compile time: 0.00 seconds
[2019.08.14-22.02.16:341][  0]LogSlate: Window 'BarBrawlProject (64-bit Development PCD3D_SM5) ' being destroyed
[2019.08.14-22.02.16:341][  0]LogWindowsTextInputMethodSystem: Display: IME system now deactivated.
[2019.08.14-22.02.16:345][  0]LogWindowsTextInputMethodSystem: Display: IME system now deactivated.
[2019.08.14-22.02.16:346][  0]LogSlate: Updating window title bar state: overlay mode, drag disabled, window buttons hidden, title bar hidden
[2019.08.14-22.02.16:346][  0]LogEngine: All Windows Closed
[2019.08.14-22.02.16:346][  0]LogWindows: FPlatformMisc::RequestExit(0)
[2019.08.14-22.02.17:020][  1]LogExit: Preparing to exit.
[2019.08.14-22.02.17:020][  1]LogMoviePlayer: Shutting down movie player
[2019.08.14-22.02.17:386][  1]LogSlate: Updating window title bar state: overlay mode, drag disabled, window buttons hidden, title bar hidden
[2019.08.14-22.02.17:396][  1]LogExit: Game engine shut down
[2019.08.14-22.02.17:443][  1]LogExit: Object subsystem successfully closed.
[2019.08.14-22.02.17:463][  1]LogShaderCompilers: Display: Shaders left to compile 0
[2019.08.14-22.02.17:466][  1]LogD3D11RHI: Shutdown
[2019.08.14-22.02.17:466][  1]LogD3D11RHI: CleanupD3DDevice
[2019.08.14-22.02.17:466][  1]LogRendererCore: FGlobalReadBuffer::ReleaseRHI
[2019.08.14-22.02.17:466][  1]LogRendererCore: FGlobalDynamicReadBuffer::Cleanup()
[2019.08.14-22.02.17:466][  1]LogRendererCore: FGlobalReadBuffer::ReleaseRHI
[2019.08.14-22.02.17:466][  1]LogRendererCore: FGlobalDynamicReadBuffer::Cleanup()
[2019.08.14-22.02.17:466][  1]LogRendererCore: FGlobalReadBuffer::ReleaseRHI
[2019.08.14-22.02.17:466][  1]LogRendererCore: FGlobalDynamicReadBuffer::Cleanup()
[2019.08.14-22.02.17:467][  1]LogD3D11RHI: ~FD3D11DynamicRHI
[2019.08.14-22.02.17:523][  1]LogModuleManager: Shutting down and abandoning module SequenceRecorderSections (406)
[2019.08.14-22.02.17:523][  1]LogModuleManager: Shutting down and abandoning module SequenceRecorder (404)
[2019.08.14-22.02.17:523][  1]LogModuleManager: Shutting down and abandoning module AutomationController (402)
[2019.08.14-22.02.17:523][  1]LogModuleManager: Shutting down and abandoning module AutomationWorker (400)
[2019.08.14-22.02.17:523][  1]LogModuleManager: Shutting down and abandoning module Voice (398)
[2019.08.14-22.02.17:523][  1]LogModuleManager: Shutting down and abandoning module AIModule (396)
[2019.08.14-22.02.17:523][  1]LogModuleManager: Shutting down and abandoning module GameplayDebugger (395)
[2019.08.14-22.02.17:523][  1]LogModuleManager: Shutting down and abandoning module AITestSuite (393)
[2019.08.14-22.02.17:523][  1]LogModuleManager: Shutting down and abandoning module NavigationSystem (391)
[2019.08.14-22.02.17:523][  1]LogModuleManager: Shutting down and abandoning module OculusMR (388)
[2019.08.14-22.02.17:523][  1]LogModuleManager: Shutting down and abandoning module WmfMediaFactory (386)
[2019.08.14-22.02.17:523][  1]LogModuleManager: Shutting down and abandoning module WebMMediaFactory (384)
[2019.08.14-22.02.17:523][  1]LogModuleManager: Shutting down and abandoning module WebMMedia (382)
[2019.08.14-22.02.17:523][  1]LogModuleManager: Shutting down and abandoning module OpenExrWrapper (380)
[2019.08.14-22.02.17:523][  1]LogModuleManager: Shutting down and abandoning module ImgMediaFactory (378)
[2019.08.14-22.02.17:523][  1]LogModuleManager: Shutting down and abandoning module AvfMediaFactory (376)
[2019.08.14-22.02.17:523][  1]LogModuleManager: Shutting down and abandoning module MagicLeapCameraPreviewFactory (374)
[2019.08.14-22.02.17:523][  1]LogModuleManager: Shutting down and abandoning module MagicLeapMediaCodecFactory (372)
[2019.08.14-22.02.17:523][  1]LogModuleManager: Shutting down and abandoning module MagicLeapMediaFactory (370)
[2019.08.14-22.02.17:523][  1]LogModuleManager: Shutting down and abandoning module CharacterAI (368)
[2019.08.14-22.02.17:523][  1]LogModuleManager: Shutting down and abandoning module SessionServices (366)
[2019.08.14-22.02.17:523][  1]LogModuleManager: Shutting down and abandoning module MovieSceneCapture (364)
[2019.08.14-22.02.17:523][  1]LogModuleManager: Shutting down and abandoning module LiveCoding (362)
[2019.08.14-22.02.17:523][  1]LogModuleManager: Shutting down and abandoning module LevelSequence (360)
[2019.08.14-22.02.17:523][  1]LogModuleManager: Shutting down and abandoning module MovieSceneTracks (358)
[2019.08.14-22.02.17:523][  1]LogModuleManager: Shutting down and abandoning module MovieScene (356)
[2019.08.14-22.02.17:523][  1]LogModuleManager: Shutting down and abandoning module StreamingPauseRendering (354)
[2019.08.14-22.02.17:523][  1]LogModuleManager: Shutting down and abandoning module PortalServices (352)
[2019.08.14-22.02.17:523][  1]LogModuleManager: Shutting down and abandoning module PortalRpc (350)
[2019.08.14-22.02.17:523][  1]LogModuleManager: Shutting down and abandoning module MessagingRpc (348)
[2019.08.14-22.02.17:523][  1]LogModuleManager: Shutting down and abandoning module ImageWriteQueue (346)
[2019.08.14-22.02.17:525][  1]LogModuleManager: Shutting down and abandoning module ProfilerService (344)
[2019.08.14-22.02.17:655][  1]LogModuleManager: Shutting down and abandoning module TaskGraph (342)
[2019.08.14-22.02.17:655][  1]LogModuleManager: Shutting down and abandoning module SteamVRController (340)
[2019.08.14-22.02.17:655][  1]LogModuleManager: Shutting down and abandoning module ProceduralMeshComponent (338)
[2019.08.14-22.02.17:655][  1]LogModuleManager: Shutting down and abandoning module OculusInput (336)
[2019.08.14-22.02.17:655][  1]LogModuleManager: Shutting down and abandoning module MobilePatchingUtils (334)
[2019.08.14-22.02.17:655][  1]LogModuleManager: Shutting down and abandoning module EditableMesh (332)
[2019.08.14-22.02.17:655][  1]LogModuleManager: Shutting down and abandoning module CustomMeshComponent (330)
[2019.08.14-22.02.17:655][  1]LogModuleManager: Shutting down and abandoning module CableComponent (328)
[2019.08.14-22.02.17:655][  1]LogModuleManager: Shutting down and abandoning module AudioCapture (326)
[2019.08.14-22.02.17:655][  1]LogModuleManager: Shutting down and abandoning module ArchVisCharacter (324)
[2019.08.14-22.02.17:655][  1]LogModuleManager: Shutting down and abandoning module AndroidPermission (322)
[2019.08.14-22.02.17:655][  1]LogModuleManager: Shutting down and abandoning module NUTUnrealEngine4 (320)
[2019.08.14-22.02.17:655][  1]LogModuleManager: Shutting down and abandoning module NetcodeUnitTest (318)
[2019.08.14-22.02.17:655][  1]LogModuleManager: Shutting down and abandoning module MediaCompositing (316)
[2019.08.14-22.02.17:655][  1]LogModuleManager: Shutting down and abandoning module LinearTimecode (314)
[2019.08.14-22.02.17:655][  1]LogModuleManager: Shutting down and abandoning module ImgMedia (312)
[2019.08.14-22.02.17:655][  1]LogModuleManager: Shutting down and abandoning module MagicLeapHelperVulkan (310)
[2019.08.14-22.02.17:655][  1]LogModuleManager: Shutting down and abandoning module MagicLeapHelperOpenGL (308)
[2019.08.14-22.02.17:655][  1]LogModuleManager: Shutting down and abandoning module MagicLeapAudio (306)
[2019.08.14-22.02.17:655][  1]LogModuleManager: Shutting down and abandoning module HTML5Networking (304)
[2019.08.14-22.02.17:655][  1]LogModuleManager: Shutting down and abandoning module GeometryCacheTracks (302)
[2019.08.14-22.02.17:655][  1]LogModuleManager: Shutting down and abandoning module GeometryCacheSequencer (301)
[2019.08.14-22.02.17:655][  1]LogModuleManager: Shutting down and abandoning module GeometryCache (298)
[2019.08.14-22.02.17:655][  1]LogModuleManager: Shutting down and abandoning module GeometryCacheEd (297)
[2019.08.14-22.02.17:655][  1]LogModuleManager: Shutting down and abandoning module BackChannel (294)
[2019.08.14-22.02.17:655][  1]LogModuleManager: Shutting down and abandoning module AppleVision (292)
[2019.08.14-22.02.17:655][  1]LogModuleManager: Shutting down and abandoning module AppleImageUtilsBlueprintSupport (290)
[2019.08.14-22.02.17:655][  1]LogModuleManager: Shutting down and abandoning module AppleImageUtils (288)
[2019.08.14-22.02.17:655][  1]LogModuleManager: Shutting down and abandoning module VariantManagerContent (286)
[2019.08.14-22.02.17:655][  1]LogModuleManager: Shutting down and abandoning module CryptoKeysOpenSSL (284)
[2019.08.14-22.02.17:655][  1]LogModuleManager: Shutting down and abandoning module CryptoKeys (282)
[2019.08.14-22.02.17:655][  1]LogModuleManager: Shutting down and abandoning module VisualStudioSourceCodeAccess (280)
[2019.08.14-22.02.17:656][  1]LogModuleManager: Shutting down and abandoning module HotReload (279)
[2019.08.14-22.02.17:656][  1]LogModuleManager: Shutting down and abandoning module VisualStudioCodeSourceCodeAccess (276)
[2019.08.14-22.02.17:656][  1]LogModuleManager: Shutting down and abandoning module UObjectPlugin (274)
[2019.08.14-22.02.17:656][  1]LogModuleManager: Shutting down and abandoning module SubversionSourceControl (272)
[2019.08.14-22.02.17:656][  1]LogModuleManager: Shutting down and abandoning module PerforceSourceControl (270)
[2019.08.14-22.02.17:656][  1]LogModuleManager: Shutting down and abandoning module SourceControl (269)
[2019.08.14-22.02.17:656][  1]LogModuleManager: Shutting down and abandoning module CLionSourceCodeAccess (266)
[2019.08.14-22.02.17:656][  1]LogModuleManager: Shutting down and abandoning module ActorLayerUtilities (264)
[2019.08.14-22.02.17:656][  1]LogModuleManager: Shutting down and abandoning module SignificanceManager (262)
[2019.08.14-22.02.17:656][  1]LogModuleManager: Shutting down and abandoning module RuntimePhysXCooking (260)
[2019.08.14-22.02.17:656][  1]LogModuleManager: Shutting down and abandoning module PhysXVehiclesEditor (258)
[2019.08.14-22.02.17:656][  1]LogModuleManager: Shutting down and abandoning module PhysXVehicles (256)
[2019.08.14-22.02.17:656][  1]LogModuleManager: Shutting down and abandoning module LocationServicesBPLibrary (254)
[2019.08.14-22.02.17:656][  1]LogModuleManager: Shutting down and abandoning module ApexDestructionEditor (252)
[2019.08.14-22.02.17:656][  1]LogModuleManager: Shutting down and abandoning module ContentBrowser (251)
[2019.08.14-22.02.17:656][  1]LogModuleManager: Shutting down and abandoning module CollectionManager (250)
[2019.08.14-22.02.17:656][  1]LogModuleManager: Shutting down and abandoning module DirectoryWatcher (249)
[2019.08.14-22.02.17:656][  1]LogModuleManager: Shutting down and abandoning module ApexDestruction (244)
[2019.08.14-22.02.17:656][  1]LogModuleManager: Shutting down and abandoning module ActorSequence (242)
[2019.08.14-22.02.17:656][  1]LogModuleManager: Shutting down and abandoning module UdpMessaging (240)
[2019.08.14-22.02.17:757][  1]LogModuleManager: Shutting down and abandoning module TcpMessaging (238)
[2019.08.14-22.02.18:365][  1]LogModuleManager: Shutting down and abandoning module MagicLeapIdentity (236)
[2019.08.14-22.02.18:365][  1]LogModuleManager: Shutting down and abandoning module MagicLeapSecureStorage (234)
[2019.08.14-22.02.18:365][  1]LogModuleManager: Shutting down and abandoning module MagicLeapHandTracking (232)
[2019.08.14-22.02.18:365][  1]LogModuleManager: Shutting down and abandoning module MagicLeapEyeTracker (230)
[2019.08.14-22.02.18:365][  1]LogModuleManager: Shutting down and abandoning module MagicLeapController (228)
[2019.08.14-22.02.18:365][  1]LogSlate: Slate User Destroyed.  User Index 0, Is Virtual User: 0
[2019.08.14-22.02.18:365][  1]LogModuleManager: Shutting down and abandoning module MagicLeapAR (226)
[2019.08.14-22.02.18:365][  1]LogModuleManager: Shutting down and abandoning module AugmentedReality (225)
[2019.08.14-22.02.18:365][  1]LogModuleManager: Shutting down and abandoning module GameplayTagsEditor (222)
[2019.08.14-22.02.18:365][  1]LogModuleManager: Shutting down and abandoning module FacialAnimation (220)
[2019.08.14-22.02.18:365][  1]LogModuleManager: Shutting down and abandoning module DataValidation (218)
[2019.08.14-22.02.18:365][  1]LogModuleManager: Shutting down and abandoning module AssetManagerEditor (216)
[2019.08.14-22.02.18:365][  1]LogModuleManager: Shutting down and abandoning module TreeMap (215)
[2019.08.14-22.02.18:365][  1]LogModuleManager: Shutting down and abandoning module AnimationSharing (212)
[2019.08.14-22.02.18:365][  1]LogModuleManager: Shutting down and abandoning module LightPropagationVolumeRuntime (210)
[2019.08.14-22.02.18:365][  1]LogModuleManager: Shutting down and abandoning module AISupportModule (208)
[2019.08.14-22.02.18:365][  1]LogModuleManager: Shutting down and abandoning module Paper2D (206)
[2019.08.14-22.02.18:365][  1]LogModuleManager: Shutting down and abandoning module WindowsMoviePlayer (204)
[2019.08.14-22.02.18:365][  1]LogModuleManager: Shutting down and abandoning module WebMMoviePlayer (202)
[2019.08.14-22.02.18:365][  1]LogModuleManager: Shutting down and abandoning module PacketHandler (200)
[2019.08.14-22.02.18:366][  1]LogModuleManager: Shutting down and abandoning module ClothingSystemEditor (198)
[2019.08.14-22.02.18:366][  1]LogModuleManager: Shutting down and abandoning module ClothingSystemRuntime (196)
[2019.08.14-22.02.18:366][  1]LogModuleManager: Shutting down and abandoning module MediaAssets (194)
[2019.08.14-22.02.18:366][  1]LogModuleManager: Shutting down and abandoning module Overlay (192)
[2019.08.14-22.02.18:366][  1]LogModuleManager: Shutting down and abandoning module OverlayEditor (191)
[2019.08.14-22.02.18:366][  1]LogModuleManager: Shutting down and abandoning module VREditor (188)
[2019.08.14-22.02.18:366][  1]LogModuleManager: Shutting down and abandoning module StringTableEditor (186)
[2019.08.14-22.02.18:366][  1]LogModuleManager: Shutting down and abandoning module GameplayTasksEditor (184)
[2019.08.14-22.02.18:366][  1]LogModuleManager: Shutting down and abandoning module BehaviorTreeEditor (182)
[2019.08.14-22.02.18:366][  1]LogModuleManager: Shutting down and abandoning module FunctionalTesting (180)
[2019.08.14-22.02.18:366][  1]LogModuleManager: Shutting down and abandoning module CollisionAnalyzer (178)
[2019.08.14-22.02.18:366][  1]LogModuleManager: Shutting down and abandoning module WorkspaceMenuStructure (177)
[2019.08.14-22.02.18:366][  1]LogModuleManager: Shutting down and abandoning module UMG (174)
[2019.08.14-22.02.18:366][  1]LogModuleManager: Shutting down and abandoning module UMGEditor (173)
[2019.08.14-22.02.18:366][  1]LogModuleManager: Shutting down and abandoning module Sequencer (172)
[2019.08.14-22.02.18:366][  1]LogModuleManager: Shutting down and abandoning module MessageLog (169)
[2019.08.14-22.02.18:366][  1]LogModuleManager: Shutting down and abandoning module SlateReflector (164)
[2019.08.14-22.02.18:366][  1]LogModuleManager: Shutting down and abandoning module Slate (162)
[2019.08.14-22.02.18:366][  1]LogModuleManager: Shutting down and abandoning module EditorStyle (160)
[2019.08.14-22.02.18:367][  1]LogModuleManager: Shutting down and abandoning module UnrealEd (158)
[2019.08.14-22.02.18:367][  1]LogModuleManager: Shutting down and abandoning module MRMesh (156)
[2019.08.14-22.02.18:367][  1]LogModuleManager: Shutting down and abandoning module Messaging (154)
[2019.08.14-22.02.18:367][  1]LogModuleManager: Shutting down and abandoning module SourceCodeAccess (152)
[2019.08.14-22.02.18:367][  1]LogModuleManager: Shutting down and abandoning module HeadMountedDisplay (150)
[2019.08.14-22.02.18:367][  1]LogModuleManager: Shutting down and abandoning module XAudio2 (148)
[2019.08.14-22.02.18:367][  1]LogModuleManager: Shutting down and abandoning module Networking (146)
[2019.08.14-22.02.18:367][  1]LogModuleManager: Shutting down and abandoning module Core (144)
[2019.08.14-22.02.18:367][  1]LogModuleManager: Shutting down and abandoning module KismetCompiler (142)
[2019.08.14-22.02.18:367][  1]LogModuleManager: Shutting down and abandoning module MeshUtilities (140)
[2019.08.14-22.02.18:367][  1]LogModuleManager: Shutting down and abandoning module MeshMergeUtilities (139)
[2019.08.14-22.02.18:367][  1]LogModuleManager: Shutting down and abandoning module MeshReductionInterface (138)
[2019.08.14-22.02.18:367][  1]LogModuleManager: Shutting down and abandoning module SkeletalMeshReduction (137)
[2019.08.14-22.02.18:367][  1]LogModuleManager: Shutting down and abandoning module ProxyLODMeshReduction (135)
[2019.08.14-22.02.18:367][  1]LogModuleManager: Shutting down and abandoning module QuadricMeshReduction (133)
[2019.08.14-22.02.18:367][  1]LogModuleManager: Shutting down and abandoning module MaterialBaking (129)
[2019.08.14-22.02.18:367][  1]LogModuleManager: Shutting down and abandoning module PIEPreviewDeviceProfileSelector (124)
[2019.08.14-22.02.18:367][  1]LogModuleManager: Shutting down and abandoning module DerivedDataCache (122)
[2019.08.14-22.02.18:373][  1]LogDerivedDataCache: Shutdown
[2019.08.14-22.02.18:373][  1]LogModuleManager: Shutting down and abandoning module XGEController (120)
[2019.08.14-22.02.18:373][  1]LogModuleManager: Shutting down and abandoning module TargetPlatform (118)
[2019.08.14-22.02.18:373][  1]LogModuleManager: Shutting down and abandoning module VulkanShaderFormat (117)
[2019.08.14-22.02.18:373][  1]LogModuleManager: Shutting down and abandoning module ShaderFormatVectorVM (115)
[2019.08.14-22.02.18:373][  1]LogModuleManager: Shutting down and abandoning module ShaderFormatOpenGL (113)
[2019.08.14-22.02.18:373][  1]LogModuleManager: Shutting down and abandoning module ShaderFormatD3D (111)
[2019.08.14-22.02.18:373][  1]LogModuleManager: Shutting down and abandoning module MetalShaderFormat (109)
[2019.08.14-22.02.18:373][  1]LogModuleManager: Shutting down and abandoning module TextureFormatUncompressed (107)
[2019.08.14-22.02.18:373][  1]LogModuleManager: Shutting down and abandoning module TextureFormatPVR (105)
[2019.08.14-22.02.18:373][  1]LogModuleManager: Shutting down and abandoning module TextureFormatDXT (103)
[2019.08.14-22.02.18:373][  1]LogModuleManager: Shutting down and abandoning module TextureFormatIntelISPCTexComp (101)
[2019.08.14-22.02.18:373][  1]LogModuleManager: Shutting down and abandoning module TextureFormatASTC (99)
[2019.08.14-22.02.18:373][  1]LogModuleManager: Shutting down and abandoning module ImageWrapper (98)
[2019.08.14-22.02.18:373][  1]LogModuleManager: Shutting down and abandoning module TextureFormatAndroid (95)
[2019.08.14-22.02.18:373][  1]LogModuleManager: Shutting down and abandoning module AudioFormatOpus (93)
[2019.08.14-22.02.18:373][  1]LogModuleManager: Shutting down and abandoning module AudioFormatOgg (91)
[2019.08.14-22.02.18:373][  1]LogModuleManager: Shutting down and abandoning module AudioFormatADPCM (89)
[2019.08.14-22.02.18:373][  1]LogModuleManager: Shutting down and abandoning module WindowsTargetPlatform (87)
[2019.08.14-22.02.18:373][  1]LogModuleManager: Shutting down and abandoning module WindowsServerTargetPlatform (85)
[2019.08.14-22.02.18:373][  1]LogModuleManager: Shutting down and abandoning module WindowsNoEditorTargetPlatform (83)
[2019.08.14-22.02.18:373][  1]LogModuleManager: Shutting down and abandoning module WindowsClientTargetPlatform (81)
[2019.08.14-22.02.18:373][  1]LogModuleManager: Shutting down and abandoning module InputCore (78)
[2019.08.14-22.02.18:374][  1]LogModuleManager: Shutting down and abandoning module Settings (76)
[2019.08.14-22.02.18:374][  1]LogModuleManager: Shutting down and abandoning module PhysXCooking (74)
[2019.08.14-22.02.18:374][  1]LogModuleManager: Shutting down and abandoning module SteamVR (72)
[2019.08.14-22.02.18:374][  1]LogHMD: Freeing OpenVRDLLHandle.
[2019.08.14-22.02.18:374][  1]LogModuleManager: Shutting down and abandoning module OculusHMD (70)
[2019.08.14-22.02.18:374][  1]LogModuleManager: Shutting down and abandoning module ExampleDeviceProfileSelector (68)
[2019.08.14-22.02.18:374][  1]LogModuleManager: Shutting down and abandoning module LauncherChunkInstaller (66)
[2019.08.14-22.02.18:374][  1]LogModuleManager: Shutting down and abandoning module OnlineBlueprintSupport (64)
[2019.08.14-22.02.18:374][  1]LogModuleManager: Shutting down and abandoning module OnlineSubsystem (60)
[2019.08.14-22.02.18:374][  1]LogModuleManager: Shutting down and abandoning module XMPP (55)
[2019.08.14-22.02.18:374][  1]LogModuleManager: Shutting down and abandoning module WebSockets (54)
[2019.08.14-22.02.18:386][  1]LogModuleManager: Shutting down and abandoning module HTTP (51)
[2019.08.14-22.02.18:395][  1]LogModuleManager: Shutting down and abandoning module SSL (50)
[2019.08.14-22.02.18:396][  1]LogModuleManager: Shutting down and abandoning module WmfMedia (46)
[2019.08.14-22.02.18:397][  1]LogModuleManager: Shutting down and abandoning module Media (45)
[2019.08.14-22.02.18:403][  1]LogModuleManager: Shutting down and abandoning module MagicLeap (42)
[2019.08.14-22.02.18:403][  1]LogModuleManager: Shutting down and abandoning module DatasmithContent (40)
[2019.08.14-22.02.18:403][  1]LogModuleManager: Shutting down and abandoning module AnimationModifiers (38)
[2019.08.14-22.02.18:403][  1]LogModuleManager: Shutting down and abandoning module PropertyEditor (37)
[2019.08.14-22.02.18:403][  1]LogModuleManager: Shutting down and abandoning module AudioEditor (34)
[2019.08.14-22.02.18:404][  1]LogModuleManager: Shutting down and abandoning module TextureCompressor (32)
[2019.08.14-22.02.18:404][  1]LogModuleManager: Shutting down and abandoning module RenderCore (30)
[2019.08.14-22.02.18:404][  1]LogModuleManager: Shutting down and abandoning module Landscape (28)
[2019.08.14-22.02.18:404][  1]LogModuleManager: Shutting down and abandoning module SlateRHIRenderer (26)
[2019.08.14-22.02.18:404][  1]LogModuleManager: Shutting down and abandoning module OpenGLDrv (24)
[2019.08.14-22.02.18:404][  1]LogModuleManager: Shutting down and abandoning module D3D11RHI (22)
[2019.08.14-22.02.18:404][  1]LogModuleManager: Shutting down and abandoning module AnimGraphRuntime (20)
[2019.08.14-22.02.18:404][  1]LogModuleManager: Shutting down and abandoning module Renderer (18)
[2019.08.14-22.02.18:404][  1]LogModuleManager: Shutting down and abandoning module Engine (16)
[2019.08.14-22.02.18:404][  1]LogModuleManager: Shutting down and abandoning module CoreUObject (14)
[2019.08.14-22.02.18:404][  1]LogModuleManager: Shutting down and abandoning module NetworkFile (12)
[2019.08.14-22.02.18:404][  1]LogModuleManager: Shutting down and abandoning module CookedIterativeFile (10)
[2019.08.14-22.02.18:404][  1]LogModuleManager: Shutting down and abandoning module StreamingFile (8)
[2019.08.14-22.02.18:404][  1]LogModuleManager: Shutting down and abandoning module SandboxFile (6)
[2019.08.14-22.02.18:404][  1]LogModuleManager: Shutting down and abandoning module PakFile (4)
[2019.08.14-22.02.18:404][  1]LogModuleManager: Shutting down and abandoning module RSA (3)
[2019.08.14-22.02.18:410][  1]LogExit: Exiting.
[2019.08.14-22.02.18:422][  1]Log file closed, 08/14/19 18:02:18
